PayPal\Core\PPHttpConnection: Connecting to https://api.sandbox.paypal.com/v1/oauth2/token
PayPal\Core\PPHttpConnection: Payload grant_type=client_credentials
PayPal\Core\PPHttpConnection: Adding header User-Agent: PayPalSDK/rest-sdk-php 0.6.0 (lang=PHP;v=5.4.4-14+deb7u5;bit=32;os=Linux_3.6.11+;machine=armv6l;openssl=1.0.1e;curl=7.26.0)
PayPal\Core\PPHttpConnection: Adding header Authorization: Basic RUJXS2psRUxLTVlxUk5RNnNZdkZvNjRGdGFSTFJSNUJkSEVFU21oYTQ5VE06RU80MjJkbjNnUUxnRGJ1d3FUanpyRmdGdGFSTFJSNUJkSEVFU21oYTQ5VE0=
PayPal\Core\PPHttpConnection: Adding header Accept: */*
PayPal\Core\PPHttpConnection: Connecting to https://api.sandbox.paypal.com/v1/payments/payment
PayPal\Core\PPHttpConnection: Payload {"intent":"sale","payer":{"payment_method":"paypal"},"redirect_urls":{"return_url":"https:\/\/www.ivanbrazza.biz\/lib\/form\/order-placed\/","cancel_url":"https:\/\/www.ivanbrazza.biz\/lib\/form\/order-placed\/?failed=true"},"transactions":[{"amount":{"currency":"GBP","total":26,"details":{"shipping":1,"subtotal":25}},"item_list":{"items":[{"name":"6\" Sponge cake, filled with None, decorated with None","currency":"GBP","quantity":1,"price":25}]},"description":"Payment description"}]}
PayPal\Core\PPHttpConnection: Adding header Content-Type: application/json
PayPal\Core\PPHttpConnection: Adding header User-Agent: PayPalSDK/rest-sdk-php 0.6.0 (lang=PHP;v=5.4.4-14+deb7u5;bit=32;os=Linux_3.6.11+;machine=armv6l;openssl=1.0.1e;curl=7.26.0)
PayPal\Core\PPHttpConnection: Adding header Authorization: Bearer BMLhsEZtNZm4go79F-2-tdpHIZXhMkH3wI9YZUwCBCc
PayPal\Core\PPHttpConnection: Adding header PayPal-Request-Id: -106273143327766138658291718412
PayPal\Transport\PPRestCall: {"id":"PAY-7JS63595DX2481525KKSZHDA","create_time":"2013-12-09T09:55:24Z","update_time":"2013-12-09T09:55:24Z","state":"created","intent":"sale","payer":{"payment_method":"paypal","payer_info":{"shipping_address":{}}},"transactions":[{"amount":{"total":"26.00","currency":"GBP","details":{"subtotal":"25.00","shipping":"1.00"}},"description":"Payment description","item_list":{"items":[{"name":"6\" Sponge cake, filled with None, decorated with None","price":"25.00","currency":"GBP","quantity":"1"}]}}],"links":[{"href":"https://api.sandbox.paypal.com/v1/payments/payment/PAY-7JS63595DX2481525KKSZHDA","rel":"self","method":"GET"},{"href":"https://www.sandbox.paypal.com/cgi-bin/webscr?cmd=_express-checkout&token=EC-8AG43165GS781450E","rel":"approval_url","method":"REDIRECT"},{"href":"https://api.sandbox.paypal.com/v1/payments/payment/PAY-7JS63595DX2481525KKSZHDA/execute","rel":"execute","method":"POST"}]}
PayPal\Core\PPHttpConnection: Connecting to https://api.sandbox.paypal.com/v1/oauth2/token
PayPal\Core\PPHttpConnection: Payload grant_type=client_credentials
PayPal\Core\PPHttpConnection: Adding header User-Agent: PayPalSDK/rest-sdk-php 0.6.0 (lang=PHP;v=5.4.4-14+deb7u5;bit=32;os=Linux_3.6.11+;machine=armv6l;openssl=1.0.1e;curl=7.26.0)
PayPal\Core\PPHttpConnection: Adding header Authorization: Basic RUJXS2psRUxLTVlxUk5RNnNZdkZvNjRGdGFSTFJSNUJkSEVFU21oYTQ5VE06RU80MjJkbjNnUUxnRGJ1d3FUanpyRmdGdGFSTFJSNUJkSEVFU21oYTQ5VE0=
PayPal\Core\PPHttpConnection: Adding header Accept: */*
PayPal\Core\PPHttpConnection: Connecting to https://api.sandbox.paypal.com/v1/payments/payment
PayPal\Core\PPHttpConnection: Payload {"intent":"sale","payer":{"payment_method":"paypal"},"redirect_urls":{"return_url":"https:\/\/www.ivanbrazza.biz\/lib\/form\/order-placed\/","cancel_url":"https:\/\/www.ivanbrazza.biz\/lib\/form\/order-placed\/?failed=true"},"transactions":[{"amount":{"currency":"GBP","total":26,"details":{"shipping":1,"subtotal":25}},"item_list":{"items":[{"name":"6\" Sponge cake, filled with None, decorated with None","currency":"GBP","quantity":1,"price":25}]},"description":"Payment description"}]}
PayPal\Core\PPHttpConnection: Adding header Content-Type: application/json
PayPal\Core\PPHttpConnection: Adding header User-Agent: PayPalSDK/rest-sdk-php 0.6.0 (lang=PHP;v=5.4.4-14+deb7u5;bit=32;os=Linux_3.6.11+;machine=armv6l;openssl=1.0.1e;curl=7.26.0)
PayPal\Core\PPHttpConnection: Adding header Authorization: Bearer qvOwJmbiwmKt800BCebt5OtOd9BPtwuknTrJe15I.wo
PayPal\Core\PPHttpConnection: Adding header PayPal-Request-Id: -106273143327766138660753314299
PayPal\Transport\PPRestCall: {"id":"PAY-9VF0333953007964HKKS7HNA","create_time":"2013-12-09T16:45:40Z","update_time":"2013-12-09T16:45:40Z","state":"created","intent":"sale","payer":{"payment_method":"paypal","payer_info":{"shipping_address":{}}},"transactions":[{"amount":{"total":"26.00","currency":"GBP","details":{"subtotal":"25.00","shipping":"1.00"}},"description":"Payment description","item_list":{"items":[{"name":"6\" Sponge cake, filled with None, decorated with None","price":"25.00","currency":"GBP","quantity":"1"}]}}],"links":[{"href":"https://api.sandbox.paypal.com/v1/payments/payment/PAY-9VF0333953007964HKKS7HNA","rel":"self","method":"GET"},{"href":"https://www.sandbox.paypal.com/cgi-bin/webscr?cmd=_express-checkout&token=EC-16F38173J6763842R","rel":"approval_url","method":"REDIRECT"},{"href":"https://api.sandbox.paypal.com/v1/payments/payment/PAY-9VF0333953007964HKKS7HNA/execute","rel":"execute","method":"POST"}]}
PayPal\Core\PPHttpConnection: Connecting to https://api.sandbox.paypal.com/v1/oauth2/token
PayPal\Core\PPHttpConnection: Payload grant_type=client_credentials
PayPal\Core\PPHttpConnection: Adding header User-Agent: PayPalSDK/rest-sdk-php 0.6.0 (lang=PHP;v=5.4.4-14+deb7u5;bit=32;os=Linux_3.6.11+;machine=armv6l;openssl=1.0.1e;curl=7.26.0)
PayPal\Core\PPHttpConnection: Adding header Authorization: Basic RUJXS2psRUxLTVlxUk5RNnNZdkZvNjRGdGFSTFJSNUJkSEVFU21oYTQ5VE06RU80MjJkbjNnUUxnRGJ1d3FUanpyRmdGdGFSTFJSNUJkSEVFU21oYTQ5VE0=
PayPal\Core\PPHttpConnection: Adding header Accept: */*
PayPal\Core\PPHttpConnection: Connecting to https://api.sandbox.paypal.com/v1/payments/payment
PayPal\Core\PPHttpConnection: Payload {"intent":"sale","payer":{"payment_method":"paypal"},"redirect_urls":{"return_url":"https:\/\/www.ivanbrazza.biz\/lib\/form\/order-placed\/","cancel_url":"https:\/\/www.ivanbrazza.biz\/lib\/form\/order-placed\/?failed=true"},"transactions":[{"amount":{"currency":"GBP","total":26,"details":{"shipping":1,"subtotal":25}},"item_list":{"items":[{"name":"6\" Sponge cake, filled with None, decorated with None","currency":"GBP","quantity":1,"price":25}]},"description":"Payment description"}]}
PayPal\Core\PPHttpConnection: Adding header Content-Type: application/json
PayPal\Core\PPHttpConnection: Adding header User-Agent: PayPalSDK/rest-sdk-php 0.6.0 (lang=PHP;v=5.4.4-14+deb7u5;bit=32;os=Linux_3.6.11+;machine=armv6l;openssl=1.0.1e;curl=7.26.0)
PayPal\Core\PPHttpConnection: Adding header Authorization: Bearer UVcP51DtlFkYhyaSEzSVqYxmHayhlw9sRTt1rnHHwlI
PayPal\Core\PPHttpConnection: Adding header PayPal-Request-Id: -1062731433277691386607736504
PayPal\Transport\PPRestCall: {"id":"PAY-867482145P033604NKKS7JAA","create_time":"2013-12-09T16:49:04Z","update_time":"2013-12-09T16:49:04Z","state":"created","intent":"sale","payer":{"payment_method":"paypal","payer_info":{"shipping_address":{}}},"transactions":[{"amount":{"total":"26.00","currency":"GBP","details":{"subtotal":"25.00","shipping":"1.00"}},"description":"Payment description","item_list":{"items":[{"name":"6\" Sponge cake, filled with None, decorated with None","price":"25.00","currency":"GBP","quantity":"1"}]}}],"links":[{"href":"https://api.sandbox.paypal.com/v1/payments/payment/PAY-867482145P033604NKKS7JAA","rel":"self","method":"GET"},{"href":"https://www.sandbox.paypal.com/cgi-bin/webscr?cmd=_express-checkout&token=EC-081736367H2882229","rel":"approval_url","method":"REDIRECT"},{"href":"https://api.sandbox.paypal.com/v1/payments/payment/PAY-867482145P033604NKKS7JAA/execute","rel":"execute","method":"POST"}]}
PayPal\Core\PPHttpConnection: Connecting to https://api.sandbox.paypal.com/v1/oauth2/token
PayPal\Core\PPHttpConnection: Payload grant_type=client_credentials
PayPal\Core\PPHttpConnection: Adding header User-Agent: PayPalSDK/rest-sdk-php 0.6.0 (lang=PHP;v=5.4.4-14+deb7u5;bit=32;os=Linux_3.6.11+;machine=armv6l;openssl=1.0.1e;curl=7.26.0)
PayPal\Core\PPHttpConnection: Adding header Authorization: Basic RUJXS2psRUxLTVlxUk5RNnNZdkZvNjRGdGFSTFJSNUJkSEVFU21oYTQ5VE06RU80MjJkbjNnUUxnRGJ1d3FUanpyRmdGdGFSTFJSNUJkSEVFU21oYTQ5VE0=
PayPal\Core\PPHttpConnection: Adding header Accept: */*
PayPal\Core\PPHttpConnection: Connecting to https://api.sandbox.paypal.com/v1/payments/payment
PayPal\Core\PPHttpConnection: Payload {"intent":"sale","payer":{"payment_method":"paypal"},"redirect_urls":{"return_url":"\/order-placed\/","cancel_url":"\/order-placed\/?failed=true"},"transactions":[{"amount":{"currency":"GBP","total":81,"details":{"shipping":1,"subtotal":80}},"item_list":{"items":[{"name":"12\" Chocolate cake, filled with Chocolate, decorated with Regal Icing","currency":"GBP","quantity":1,"price":80}]},"description":"Payment description"}]}
PayPal\Core\PPHttpConnection: Adding header Content-Type: application/json
PayPal\Core\PPHttpConnection: Adding header User-Agent: PayPalSDK/rest-sdk-php 0.6.0 (lang=PHP;v=5.4.4-14+deb7u5;bit=32;os=Linux_3.6.11+;machine=armv6l;openssl=1.0.1e;curl=7.26.0)
PayPal\Core\PPHttpConnection: Adding header Authorization: Bearer rZnFTgDijF6xJ7WDFQmRSmVmSs9a6UC20hR43AqSksU
PayPal\Core\PPHttpConnection: Adding header PayPal-Request-Id: -106273143327767138660801954787
PayPal\Core\PPHttpConnection: Connecting to https://api.sandbox.paypal.com/v1/oauth2/token
PayPal\Core\PPHttpConnection: Payload grant_type=client_credentials
PayPal\Core\PPHttpConnection: Adding header User-Agent: PayPalSDK/rest-sdk-php 0.6.0 (lang=PHP;v=5.4.4-14+deb7u5;bit=32;os=Linux_3.6.11+;machine=armv6l;openssl=1.0.1e;curl=7.26.0)
PayPal\Core\PPHttpConnection: Adding header Authorization: Basic RUJXS2psRUxLTVlxUk5RNnNZdkZvNjRGdGFSTFJSNUJkSEVFU21oYTQ5VE06RU80MjJkbjNnUUxnRGJ1d3FUanpyRmdGdGFSTFJSNUJkSEVFU21oYTQ5VE0=
PayPal\Core\PPHttpConnection: Adding header Accept: */*
PayPal\Core\PPHttpConnection: Connecting to https://api.sandbox.paypal.com/v1/payments/payment
PayPal\Core\PPHttpConnection: Payload {"intent":"sale","payer":{"payment_method":"paypal"},"redirect_urls":{"return_url":"\/order-placed\/","cancel_url":"\/order-placed\/?failed=true"},"transactions":[{"amount":{"currency":"GBP","total":81,"details":{"shipping":1,"subtotal":80}},"item_list":{"items":[{"name":"12\" Chocolate cake, filled with Chocolate, decorated with Regal Icing","currency":"GBP","quantity":1,"price":80}]},"description":"Payment description"}]}
PayPal\Core\PPHttpConnection: Adding header Content-Type: application/json
PayPal\Core\PPHttpConnection: Adding header User-Agent: PayPalSDK/rest-sdk-php 0.6.0 (lang=PHP;v=5.4.4-14+deb7u5;bit=32;os=Linux_3.6.11+;machine=armv6l;openssl=1.0.1e;curl=7.26.0)
PayPal\Core\PPHttpConnection: Adding header Authorization: Bearer xFQyMFEJownULN6V.gg6GdWFzdgRNXfJsq0tIsGm.JQ
PayPal\Core\PPHttpConnection: Adding header PayPal-Request-Id: -10627314332776813866080746442
PayPal\Core\PPHttpConnection: Connecting to https://api.sandbox.paypal.com/v1/oauth2/token
PayPal\Core\PPHttpConnection: Payload grant_type=client_credentials
PayPal\Core\PPHttpConnection: Adding header User-Agent: PayPalSDK/rest-sdk-php 0.6.0 (lang=PHP;v=5.4.4-14+deb7u5;bit=32;os=Linux_3.6.11+;machine=armv6l;openssl=1.0.1e;curl=7.26.0)
PayPal\Core\PPHttpConnection: Adding header Authorization: Basic RUJXS2psRUxLTVlxUk5RNnNZdkZvNjRGdGFSTFJSNUJkSEVFU21oYTQ5VE06RU80MjJkbjNnUUxnRGJ1d3FUanpyRmdGdGFSTFJSNUJkSEVFU21oYTQ5VE0=
PayPal\Core\PPHttpConnection: Adding header Accept: */*
PayPal\Core\PPHttpConnection: Connecting to https://api.sandbox.paypal.com/v1/payments/payment
PayPal\Core\PPHttpConnection: Payload {"intent":"sale","payer":{"payment_method":"paypal"},"redirect_urls":{"return_url":"http:\/\/www.ivanbrazza.biz\/order-placed\/","cancel_url":"http:\/\/www.ivanbrazza.biz\/order-placed\/?failed=true"},"transactions":[{"amount":{"currency":"GBP","total":48,"details":{"shipping":1,"subtotal":47}},"item_list":{"items":[{"name":"10\" Chocolate cake, filled with Chocolate, decorated with Regal Icing","currency":"GBP","quantity":1,"price":47}]},"description":"Payment description"}]}
PayPal\Core\PPHttpConnection: Adding header Content-Type: application/json
PayPal\Core\PPHttpConnection: Adding header User-Agent: PayPalSDK/rest-sdk-php 0.6.0 (lang=PHP;v=5.4.4-14+deb7u5;bit=32;os=Linux_3.6.11+;machine=armv6l;openssl=1.0.1e;curl=7.26.0)
PayPal\Core\PPHttpConnection: Adding header Authorization: Bearer cq6qG-uI8hr9Pk3kOoIo1E68XydcvPme.mBLZ2cOZJs
PayPal\Core\PPHttpConnection: Adding header PayPal-Request-Id: -10627314332776913866081633091
PayPal\Transport\PPRestCall: {"id":"PAY-0HY34219HH406843HKKS7MKQ","create_time":"2013-12-09T16:56:10Z","update_time":"2013-12-09T16:56:10Z","state":"created","intent":"sale","payer":{"payment_method":"paypal","payer_info":{"shipping_address":{}}},"transactions":[{"amount":{"total":"48.00","currency":"GBP","details":{"subtotal":"47.00","shipping":"1.00"}},"description":"Payment description","item_list":{"items":[{"name":"10\" Chocolate cake, filled with Chocolate, decorated with Regal Icing","price":"47.00","currency":"GBP","quantity":"1"}]}}],"links":[{"href":"https://api.sandbox.paypal.com/v1/payments/payment/PAY-0HY34219HH406843HKKS7MKQ","rel":"self","method":"GET"},{"href":"https://www.sandbox.paypal.com/cgi-bin/webscr?cmd=_express-checkout&token=EC-79200695BX1471622","rel":"approval_url","method":"REDIRECT"},{"href":"https://api.sandbox.paypal.com/v1/payments/payment/PAY-0HY34219HH406843HKKS7MKQ/execute","rel":"execute","method":"POST"}]}
PayPal\Core\PPHttpConnection: Connecting to https://api.sandbox.paypal.com/v1/oauth2/token
PayPal\Core\PPHttpConnection: Payload grant_type=client_credentials
PayPal\Core\PPHttpConnection: Adding header User-Agent: PayPalSDK/rest-sdk-php 0.6.0 (lang=PHP;v=5.4.4-14+deb7u5;bit=32;os=Linux_3.6.11+;machine=armv6l;openssl=1.0.1e;curl=7.26.0)
PayPal\Core\PPHttpConnection: Adding header Authorization: Basic QWZWOEp4RFpZb2FSVkxCOWxfTVZKZmVPclJneTNzV0tFZ1AtTmlFSl9fNGlWTHAxVWF5RHVydEtiSmxwOkVETmFLaEF1dkFzR2M3MEpkNmdLeXowQzJfVTZpSS1oaGl4YWp2TlhxRVZ0SlFsMGhXNnh1VEF4THVqYw==
PayPal\Core\PPHttpConnection: Adding header Accept: */*
PayPal\Core\PPHttpConnection: Connecting to https://api.sandbox.paypal.com/v1/payments/payment
PayPal\Core\PPHttpConnection: Payload {"intent":"sale","payer":{"payment_method":"paypal"},"redirect_urls":{"return_url":"http:\/\/www.ivanbrazza.biz\/order-placed\/","cancel_url":"http:\/\/www.ivanbrazza.biz\/order-placed\/?failed=true"},"transactions":[{"amount":{"currency":"GBP","total":48,"details":{"shipping":1,"subtotal":47}},"item_list":{"items":[{"name":"10\" Chocolate cake, filled with Chocolate, decorated with Royal Icing","currency":"GBP","quantity":1,"price":47}]},"description":"Payment description"}]}
PayPal\Core\PPHttpConnection: Adding header Content-Type: application/json
PayPal\Core\PPHttpConnection: Adding header User-Agent: PayPalSDK/rest-sdk-php 0.6.0 (lang=PHP;v=5.4.4-14+deb7u5;bit=32;os=Linux_3.6.11+;machine=armv6l;openssl=1.0.1e;curl=7.26.0)
PayPal\Core\PPHttpConnection: Adding header Authorization: Bearer NcusQcPD-ZEqAtS97y3.w.rHKQ22SCebvlPem9fqAEo
PayPal\Core\PPHttpConnection: Adding header PayPal-Request-Id: -106273143327769138660871927434
PayPal\Transport\PPRestCall: {"id":"PAY-0PG36306BF2187437KKS7QVY","create_time":"2013-12-09T17:05:27Z","update_time":"2013-12-09T17:05:27Z","state":"created","intent":"sale","payer":{"payment_method":"paypal","payer_info":{"shipping_address":{}}},"transactions":[{"amount":{"total":"48.00","currency":"GBP","details":{"subtotal":"47.00","shipping":"1.00"}},"description":"Payment description","item_list":{"items":[{"name":"10\" Chocolate cake, filled with Chocolate, decorated with Royal Icing","price":"47.00","currency":"GBP","quantity":"1"}]}}],"links":[{"href":"https://api.sandbox.paypal.com/v1/payments/payment/PAY-0PG36306BF2187437KKS7QVY","rel":"self","method":"GET"},{"href":"https://www.sandbox.paypal.com/cgi-bin/webscr?cmd=_express-checkout&token=EC-1GX22888031474636","rel":"approval_url","method":"REDIRECT"},{"href":"https://api.sandbox.paypal.com/v1/payments/payment/PAY-0PG36306BF2187437KKS7QVY/execute","rel":"execute","method":"POST"}]}
PayPal\Core\PPHttpConnection: Connecting to https://api.sandbox.paypal.com/v1/oauth2/token
PayPal\Core\PPHttpConnection: Payload grant_type=client_credentials
PayPal\Core\PPHttpConnection: Adding header User-Agent: PayPalSDK/rest-sdk-php 0.6.0 (lang=PHP;v=5.4.4-14+deb7u5;bit=32;os=Linux_3.6.11+;machine=armv6l;openssl=1.0.1e;curl=7.26.0)
PayPal\Core\PPHttpConnection: Adding header Authorization: Basic QWZWOEp4RFpZb2FSVkxCOWxfTVZKZmVPclJneTNzV0tFZ1AtTmlFSl9fNGlWTHAxVWF5RHVydEtiSmxwOkVETmFLaEF1dkFzR2M3MEpkNmdLeXowQzJfVTZpSS1oaGl4YWp2TlhxRVZ0SlFsMGhXNnh1VEF4THVqYw==
PayPal\Core\PPHttpConnection: Adding header Accept: */*
PayPal\Core\PPHttpConnection: Connecting to https://api.sandbox.paypal.com/v1/payments/payment
PayPal\Core\PPHttpConnection: Payload {"intent":"sale","payer":{"payment_method":"paypal"},"redirect_urls":{"return_url":"http:\/\/www.ivanbrazza.biz\/order-placed\/","cancel_url":"http:\/\/www.ivanbrazza.biz\/order-placed\/?failed=true"},"transactions":[{"amount":{"currency":"GBP","total":25,"details":{"shipping":null,"subtotal":25}},"item_list":{"items":[{"name":"6\" Sponge cake, filled with None, decorated with None","currency":"GBP","quantity":1,"price":25}]},"description":"Payment description"}]}
PayPal\Core\PPHttpConnection: Adding header Content-Type: application/json
PayPal\Core\PPHttpConnection: Adding header User-Agent: PayPalSDK/rest-sdk-php 0.6.0 (lang=PHP;v=5.4.4-14+deb7u5;bit=32;os=Linux_3.6.11+;machine=armv6l;openssl=1.0.1e;curl=7.26.0)
PayPal\Core\PPHttpConnection: Adding header Authorization: Bearer NrSvt87Myp41nATe6RXZTaof-NiIPS3sZ-n7nfxU0U4
PayPal\Core\PPHttpConnection: Adding header PayPal-Request-Id: -10627314332776713866092459128
PayPal\Transport\PPRestCall: {"id":"PAY-7CF28406F9951420RKKS7UZA","create_time":"2013-12-09T17:14:12Z","update_time":"2013-12-09T17:14:13Z","state":"created","intent":"sale","payer":{"payment_method":"paypal","payer_info":{"shipping_address":{}}},"transactions":[{"amount":{"total":"25.00","currency":"GBP","details":{"subtotal":"25.00"}},"description":"Payment description","item_list":{"items":[{"name":"6\" Sponge cake, filled with None, decorated with None","price":"25.00","currency":"GBP","quantity":"1"}]}}],"links":[{"href":"https://api.sandbox.paypal.com/v1/payments/payment/PAY-7CF28406F9951420RKKS7UZA","rel":"self","method":"GET"},{"href":"https://www.sandbox.paypal.com/cgi-bin/webscr?cmd=_express-checkout&token=EC-6BN814118R3953051","rel":"approval_url","method":"REDIRECT"},{"href":"https://api.sandbox.paypal.com/v1/payments/payment/PAY-7CF28406F9951420RKKS7UZA/execute","rel":"execute","method":"POST"}]}
PayPal\Core\PPHttpConnection: Connecting to https://api.sandbox.paypal.com/v1/oauth2/token
PayPal\Core\PPHttpConnection: Payload grant_type=client_credentials
PayPal\Core\PPHttpConnection: Adding header User-Agent: PayPalSDK/rest-sdk-php 0.6.0 (lang=PHP;v=5.4.4-14+deb7u5;bit=32;os=Linux_3.6.11+;machine=armv6l;openssl=1.0.1e;curl=7.26.0)
PayPal\Core\PPHttpConnection: Adding header Authorization: Basic QWZWOEp4RFpZb2FSVkxCOWxfTVZKZmVPclJneTNzV0tFZ1AtTmlFSl9fNGlWTHAxVWF5RHVydEtiSmxwOkVETmFLaEF1dkFzR2M3MEpkNmdLeXowQzJfVTZpSS1oaGl4YWp2TlhxRVZ0SlFsMGhXNnh1VEF4THVqYw==
PayPal\Core\PPHttpConnection: Adding header Accept: */*
PayPal\Core\PPHttpConnection: Connecting to https://api.sandbox.paypal.com/v1/payments/payment
PayPal\Core\PPHttpConnection: Payload {"intent":"sale","payer":{"payment_method":"paypal"},"redirect_urls":{"return_url":"http:\/\/www.ivanbrazza.biz\/order-placed\/","cancel_url":"http:\/\/www.ivanbrazza.biz\/order-placed\/?failed=true"},"transactions":[{"amount":{"currency":"GBP","total":36,"details":{"shipping":1,"subtotal":35}},"item_list":{"items":[{"name":"8\" Marble cake, filled with Chocolate, decorated with Regal Icing","currency":"GBP","quantity":1,"price":35}]},"description":"Payment description"}]}
PayPal\Core\PPHttpConnection: Adding header Content-Type: application/json
PayPal\Core\PPHttpConnection: Adding header User-Agent: PayPalSDK/rest-sdk-php 0.6.0 (lang=PHP;v=5.4.4-14+deb7u5;bit=32;os=Linux_3.6.11+;machine=armv6l;openssl=1.0.1e;curl=7.26.0)
PayPal\Core\PPHttpConnection: Adding header Authorization: Bearer qfQAI9UlZMpVAaK5875eup43dajVlvu4GpcdW-4odbM
PayPal\Core\PPHttpConnection: Adding header PayPal-Request-Id: -106273143327768138660955536254
PayPal\Transport\PPRestCall: {"id":"PAY-2NP15335P8188911JKKS7XHI","create_time":"2013-12-09T17:19:25Z","update_time":"2013-12-09T17:19:25Z","state":"created","intent":"sale","payer":{"payment_method":"paypal","payer_info":{"shipping_address":{}}},"transactions":[{"amount":{"total":"36.00","currency":"GBP","details":{"subtotal":"35.00","shipping":"1.00"}},"description":"Payment description","item_list":{"items":[{"name":"8\" Marble cake, filled with Chocolate, decorated with Regal Icing","price":"35.00","currency":"GBP","quantity":"1"}]}}],"links":[{"href":"https://api.sandbox.paypal.com/v1/payments/payment/PAY-2NP15335P8188911JKKS7XHI","rel":"self","method":"GET"},{"href":"https://www.sandbox.paypal.com/cgi-bin/webscr?cmd=_express-checkout&token=EC-2DT09818BJ0004457","rel":"approval_url","method":"REDIRECT"},{"href":"https://api.sandbox.paypal.com/v1/payments/payment/PAY-2NP15335P8188911JKKS7XHI/execute","rel":"execute","method":"POST"}]}
PayPal\Core\PPHttpConnection: Connecting to https://api.sandbox.paypal.com/v1/oauth2/token
PayPal\Core\PPHttpConnection: Payload grant_type=client_credentials
PayPal\Core\PPHttpConnection: Adding header User-Agent: PayPalSDK/rest-sdk-php 0.6.0 (lang=PHP;v=5.4.4-14+deb7u5;bit=32;os=Linux_3.6.11+;machine=armv6l;openssl=1.0.1e;curl=7.26.0)
PayPal\Core\PPHttpConnection: Adding header Authorization: Basic QWZWOEp4RFpZb2FSVkxCOWxfTVZKZmVPclJneTNzV0tFZ1AtTmlFSl9fNGlWTHAxVWF5RHVydEtiSmxwOkVETmFLaEF1dkFzR2M3MEpkNmdLeXowQzJfVTZpSS1oaGl4YWp2TlhxRVZ0SlFsMGhXNnh1VEF4THVqYw==
PayPal\Core\PPHttpConnection: Adding header Accept: */*
PayPal\Core\PPHttpConnection: Connecting to https://api.sandbox.paypal.com/v1/payments/payment
PayPal\Core\PPHttpConnection: Payload {"intent":"sale","payer":{"payment_method":"paypal"},"redirect_urls":{"return_url":"http:\/\/www.ivanbrazza.biz\/order-placed\/","cancel_url":"http:\/\/www.ivanbrazza.biz\/order-placed\/?failed=true"},"transactions":[{"amount":{"currency":"GBP","total":0,"details":{"shipping":null,"subtotal":null}},"item_list":{"items":[{"name":"10\" Chocolate cake, filled with Chocolate, decorated with Butter Cream","currency":"GBP","quantity":1,"price":null}]},"description":"Payment description"}]}
PayPal\Core\PPHttpConnection: Adding header Content-Type: application/json
PayPal\Core\PPHttpConnection: Adding header User-Agent: PayPalSDK/rest-sdk-php 0.6.0 (lang=PHP;v=5.4.4-14+deb7u5;bit=32;os=Linux_3.6.11+;machine=armv6l;openssl=1.0.1e;curl=7.26.0)
PayPal\Core\PPHttpConnection: Adding header Authorization: Bearer DXNDddEnJfIW6j5UxnGg8jwBc5s4J68DIkZtl-69LAQ
PayPal\Core\PPHttpConnection: Adding header PayPal-Request-Id: -106273143327769138660969330486
PayPal\Core\PPHttpConnection: Connecting to https://api.sandbox.paypal.com/v1/oauth2/token
PayPal\Core\PPHttpConnection: Payload grant_type=client_credentials
PayPal\Core\PPHttpConnection: Adding header User-Agent: PayPalSDK/rest-sdk-php 0.6.0 (lang=PHP;v=5.4.4-14+deb7u5;bit=32;os=Linux_3.6.11+;machine=armv6l;openssl=1.0.1e;curl=7.26.0)
PayPal\Core\PPHttpConnection: Adding header Authorization: Basic QWZWOEp4RFpZb2FSVkxCOWxfTVZKZmVPclJneTNzV0tFZ1AtTmlFSl9fNGlWTHAxVWF5RHVydEtiSmxwOkVETmFLaEF1dkFzR2M3MEpkNmdLeXowQzJfVTZpSS1oaGl4YWp2TlhxRVZ0SlFsMGhXNnh1VEF4THVqYw==
PayPal\Core\PPHttpConnection: Adding header Accept: */*
PayPal\Core\PPHttpConnection: Connecting to https://api.sandbox.paypal.com/v1/payments/payment
PayPal\Core\PPHttpConnection: Payload {"intent":"sale","payer":{"payment_method":"paypal"},"redirect_urls":{"return_url":"http:\/\/www.ivanbrazza.biz\/order-placed\/","cancel_url":"http:\/\/www.ivanbrazza.biz\/order-placed\/?failed=true"},"transactions":[{"amount":{"currency":"GBP","total":0,"details":{"shipping":null,"subtotal":null}},"item_list":{"items":[{"name":"6\" Sponge cake, filled with Chocolate, decorated with Regal Icing","currency":"GBP","quantity":1,"price":null}]},"description":"Payment description"}]}
PayPal\Core\PPHttpConnection: Adding header Content-Type: application/json
PayPal\Core\PPHttpConnection: Adding header User-Agent: PayPalSDK/rest-sdk-php 0.6.0 (lang=PHP;v=5.4.4-14+deb7u5;bit=32;os=Linux_3.6.11+;machine=armv6l;openssl=1.0.1e;curl=7.26.0)
PayPal\Core\PPHttpConnection: Adding header Authorization: Bearer 3odK6cyys38h5p8nMNF-p22NVpk2Ogi2TpIoOorMvto
PayPal\Core\PPHttpConnection: Adding header PayPal-Request-Id: -106273143327769138660982657970
PayPal\Core\PPHttpConnection: Connecting to https://api.sandbox.paypal.com/v1/oauth2/token
PayPal\Core\PPHttpConnection: Payload grant_type=client_credentials
PayPal\Core\PPHttpConnection: Adding header User-Agent: PayPalSDK/rest-sdk-php 0.6.0 (lang=PHP;v=5.4.4-14+deb7u5;bit=32;os=Linux_3.6.11+;machine=armv6l;openssl=1.0.1e;curl=7.26.0)
PayPal\Core\PPHttpConnection: Adding header Authorization: Basic QWZWOEp4RFpZb2FSVkxCOWxfTVZKZmVPclJneTNzV0tFZ1AtTmlFSl9fNGlWTHAxVWF5RHVydEtiSmxwOkVETmFLaEF1dkFzR2M3MEpkNmdLeXowQzJfVTZpSS1oaGl4YWp2TlhxRVZ0SlFsMGhXNnh1VEF4THVqYw==
PayPal\Core\PPHttpConnection: Adding header Accept: */*
PayPal\Core\PPHttpConnection: Connecting to https://api.sandbox.paypal.com/v1/payments/payment
PayPal\Core\PPHttpConnection: Payload {"intent":"sale","payer":{"payment_method":"paypal"},"redirect_urls":{"return_url":"http:\/\/www.ivanbrazza.biz\/order-placed\/","cancel_url":"http:\/\/www.ivanbrazza.biz\/order-placed\/?failed=true"},"transactions":[{"amount":{"currency":"GBP","total":50,"details":{"shipping":3,"subtotal":47}},"item_list":{"items":[{"name":"10\" Chocolate cake, filled with Chocolate, decorated with Regal Icing","currency":"GBP","quantity":1,"price":47}]},"description":"Payment description"}]}
PayPal\Core\PPHttpConnection: Adding header Content-Type: application/json
PayPal\Core\PPHttpConnection: Adding header User-Agent: PayPalSDK/rest-sdk-php 0.6.0 (lang=PHP;v=5.4.4-14+deb7u5;bit=32;os=Linux_3.6.11+;machine=armv6l;openssl=1.0.1e;curl=7.26.0)
PayPal\Core\PPHttpConnection: Adding header Authorization: Bearer HbFs0mmFM4yT2IffTpzLh3zJQnroOIQqTOTwXXzrNLQ
PayPal\Core\PPHttpConnection: Adding header PayPal-Request-Id: -106273143327769138662748742976
PayPal\Transport\PPRestCall: {"id":"PAY-8B1993958D9829014KKTEDIY","create_time":"2013-12-09T22:18:11Z","update_time":"2013-12-09T22:18:11Z","state":"created","intent":"sale","payer":{"payment_method":"paypal","payer_info":{"shipping_address":{}}},"transactions":[{"amount":{"total":"50.00","currency":"GBP","details":{"subtotal":"47.00","shipping":"3.00"}},"description":"Payment description","item_list":{"items":[{"name":"10\" Chocolate cake, filled with Chocolate, decorated with Regal Icing","price":"47.00","currency":"GBP","quantity":"1"}]}}],"links":[{"href":"https://api.sandbox.paypal.com/v1/payments/payment/PAY-8B1993958D9829014KKTEDIY","rel":"self","method":"GET"},{"href":"https://www.sandbox.paypal.com/cgi-bin/webscr?cmd=_express-checkout&token=EC-0D54289355428761Y","rel":"approval_url","method":"REDIRECT"},{"href":"https://api.sandbox.paypal.com/v1/payments/payment/PAY-8B1993958D9829014KKTEDIY/execute","rel":"execute","method":"POST"}]}
PayPal\Core\PPHttpConnection: Connecting to https://api.sandbox.paypal.com/v1/oauth2/token
PayPal\Core\PPHttpConnection: Payload grant_type=client_credentials
PayPal\Core\PPHttpConnection: Adding header User-Agent: PayPalSDK/rest-sdk-php 0.6.0 (lang=PHP;v=5.4.4-14+deb7u5;bit=32;os=Linux_3.6.11+;machine=armv6l;openssl=1.0.1e;curl=7.26.0)
PayPal\Core\PPHttpConnection: Adding header Authorization: Basic QWZWOEp4RFpZb2FSVkxCOWxfTVZKZmVPclJneTNzV0tFZ1AtTmlFSl9fNGlWTHAxVWF5RHVydEtiSmxwOkVETmFLaEF1dkFzR2M3MEpkNmdLeXowQzJfVTZpSS1oaGl4YWp2TlhxRVZ0SlFsMGhXNnh1VEF4THVqYw==
PayPal\Core\PPHttpConnection: Adding header Accept: */*
PayPal\Core\PPHttpConnection: Connecting to https://api.sandbox.paypal.com/v1/payments/payment
PayPal\Core\PPHttpConnection: Payload {"intent":"sale","payer":{"payment_method":"paypal"},"redirect_urls":{"return_url":"http:\/\/www.ivanbrazza.biz\/order-placed\/","cancel_url":"http:\/\/www.ivanbrazza.biz\/order-placed\/?order=&failed=true"},"transactions":[{"amount":{"currency":"GBP","total":83,"details":{"shipping":3,"subtotal":80}},"item_list":{"items":[{"name":"12\" Chocolate cake, filled with Butter Cream, decorated with Regal Icing","currency":"GBP","quantity":1,"price":80}]},"description":"Payment description"}]}
PayPal\Core\PPHttpConnection: Adding header Content-Type: application/json
PayPal\Core\PPHttpConnection: Adding header User-Agent: PayPalSDK/rest-sdk-php 0.6.0 (lang=PHP;v=5.4.4-14+deb7u5;bit=32;os=Linux_3.6.11+;machine=armv6l;openssl=1.0.1e;curl=7.26.0)
PayPal\Core\PPHttpConnection: Adding header Authorization: Bearer WqXXNnfccMEJmdoMegZ-nxOjHLMYVjl6vJTUZ9BwVKU
PayPal\Core\PPHttpConnection: Adding header PayPal-Request-Id: -106273143327769138668373758450
PayPal\Transport\PPRestCall: {"id":"PAY-28476009J5950384KKKTR2YI","create_time":"2013-12-10T13:55:45Z","update_time":"2013-12-10T13:55:45Z","state":"created","intent":"sale","payer":{"payment_method":"paypal","payer_info":{"shipping_address":{}}},"transactions":[{"amount":{"total":"83.00","currency":"GBP","details":{"subtotal":"80.00","shipping":"3.00"}},"description":"Payment description","item_list":{"items":[{"name":"12\" Chocolate cake, filled with Butter Cream, decorated with Regal Icing","price":"80.00","currency":"GBP","quantity":"1"}]}}],"links":[{"href":"https://api.sandbox.paypal.com/v1/payments/payment/PAY-28476009J5950384KKKTR2YI","rel":"self","method":"GET"},{"href":"https://www.sandbox.paypal.com/cgi-bin/webscr?cmd=_express-checkout&token=EC-63417254027737417","rel":"approval_url","method":"REDIRECT"},{"href":"https://api.sandbox.paypal.com/v1/payments/payment/PAY-28476009J5950384KKKTR2YI/execute","rel":"execute","method":"POST"}]}
PayPal\Core\PPHttpConnection: Connecting to https://api.sandbox.paypal.com/v1/oauth2/token
PayPal\Core\PPHttpConnection: Payload grant_type=client_credentials
PayPal\Core\PPHttpConnection: Adding header User-Agent: PayPalSDK/rest-sdk-php 0.6.0 (lang=PHP;v=5.4.4-14+deb7u5;bit=32;os=Linux_3.6.11+;machine=armv6l;openssl=1.0.1e;curl=7.26.0)
PayPal\Core\PPHttpConnection: Adding header Authorization: Basic QWZWOEp4RFpZb2FSVkxCOWxfTVZKZmVPclJneTNzV0tFZ1AtTmlFSl9fNGlWTHAxVWF5RHVydEtiSmxwOkVETmFLaEF1dkFzR2M3MEpkNmdLeXowQzJfVTZpSS1oaGl4YWp2TlhxRVZ0SlFsMGhXNnh1VEF4THVqYw==
PayPal\Core\PPHttpConnection: Adding header Accept: */*
PayPal\Core\PPHttpConnection: Connecting to https://api.sandbox.paypal.com/v1/payments/payment
PayPal\Core\PPHttpConnection: Payload {"intent":"sale","payer":{"payment_method":"paypal"},"redirect_urls":{"return_url":"http:\/\/www.ivanbrazza.biz\/order-placed\/","cancel_url":"http:\/\/www.ivanbrazza.biz\/order-placed\/?order=2268872&failed=true"},"transactions":[{"amount":{"currency":"GBP","total":50,"details":{"shipping":3,"subtotal":47}},"item_list":{"items":[{"name":"10\" Chocolate cake, filled with Butter Cream, decorated with Butter Cream","currency":"GBP","quantity":1,"price":47}]},"description":"Payment description"}]}
PayPal\Core\PPHttpConnection: Adding header Content-Type: application/json
PayPal\Core\PPHttpConnection: Adding header User-Agent: PayPalSDK/rest-sdk-php 0.6.0 (lang=PHP;v=5.4.4-14+deb7u5;bit=32;os=Linux_3.6.11+;machine=armv6l;openssl=1.0.1e;curl=7.26.0)
PayPal\Core\PPHttpConnection: Adding header Authorization: Bearer etRbhHnpfYY6TktAKYJMaPruEVBjVcooq3tYMP6eJCI
PayPal\Core\PPHttpConnection: Adding header PayPal-Request-Id: -106273143327766138668438352201
PayPal\Transport\PPRestCall: {"id":"PAY-9C115102T8848092BKKTR7ZI","create_time":"2013-12-10T14:06:29Z","update_time":"2013-12-10T14:06:30Z","state":"created","intent":"sale","payer":{"payment_method":"paypal","payer_info":{"shipping_address":{}}},"transactions":[{"amount":{"total":"50.00","currency":"GBP","details":{"subtotal":"47.00","shipping":"3.00"}},"description":"Payment description","item_list":{"items":[{"name":"10\" Chocolate cake, filled with Butter Cream, decorated with Butter Cream","price":"47.00","currency":"GBP","quantity":"1"}]}}],"links":[{"href":"https://api.sandbox.paypal.com/v1/payments/payment/PAY-9C115102T8848092BKKTR7ZI","rel":"self","method":"GET"},{"href":"https://www.sandbox.paypal.com/cgi-bin/webscr?cmd=_express-checkout&token=EC-14426332CY5795123","rel":"approval_url","method":"REDIRECT"},{"href":"https://api.sandbox.paypal.com/v1/payments/payment/PAY-9C115102T8848092BKKTR7ZI/execute","rel":"execute","method":"POST"}]}
PayPal\Core\PPHttpConnection: Connecting to https://api.sandbox.paypal.com/v1/oauth2/token
PayPal\Core\PPHttpConnection: Payload grant_type=client_credentials
PayPal\Core\PPHttpConnection: Adding header User-Agent: PayPalSDK/rest-sdk-php 0.6.0 (lang=PHP;v=5.4.4-14+deb7u5;bit=32;os=Linux_3.6.11+;machine=armv6l;openssl=1.0.1e;curl=7.26.0)
PayPal\Core\PPHttpConnection: Adding header Authorization: Basic QWZWOEp4RFpZb2FSVkxCOWxfTVZKZmVPclJneTNzV0tFZ1AtTmlFSl9fNGlWTHAxVWF5RHVydEtiSmxwOkVETmFLaEF1dkFzR2M3MEpkNmdLeXowQzJfVTZpSS1oaGl4YWp2TlhxRVZ0SlFsMGhXNnh1VEF4THVqYw==
PayPal\Core\PPHttpConnection: Adding header Accept: */*
PayPal\Core\PPHttpConnection: Connecting to https://api.sandbox.paypal.com/v1/payments/payment
PayPal\Core\PPHttpConnection: Payload {"intent":"sale","payer":{"payment_method":"paypal"},"redirect_urls":{"return_url":"http:\/\/www.ivanbrazza.biz\/order-placed\/","cancel_url":"http:\/\/www.ivanbrazza.biz\/order-placed\/?order=2234910&failed=true"},"transactions":[{"amount":{"currency":"GBP","total":128,"details":{"shipping":3,"subtotal":125}},"item_list":{"items":[{"name":"14\" Fruit cake, filled with Chocolate, decorated with Chocolate","currency":"GBP","quantity":1,"price":125}]},"description":"Payment description"}]}
PayPal\Core\PPHttpConnection: Adding header Content-Type: application/json
PayPal\Core\PPHttpConnection: Adding header User-Agent: PayPalSDK/rest-sdk-php 0.6.0 (lang=PHP;v=5.4.4-14+deb7u5;bit=32;os=Linux_3.6.11+;machine=armv6l;openssl=1.0.1e;curl=7.26.0)
PayPal\Core\PPHttpConnection: Adding header Authorization: Bearer E2vtc51P6retiGd.7GKQVI5yrxCkELf7GOjceC27e8g
PayPal\Core\PPHttpConnection: Adding header PayPal-Request-Id: -10627314332776913866844971705
PayPal\Transport\PPRestCall: {"id":"PAY-84443110AC245253HKKTSAWA","create_time":"2013-12-10T14:08:24Z","update_time":"2013-12-10T14:08:24Z","state":"created","intent":"sale","payer":{"payment_method":"paypal","payer_info":{"shipping_address":{}}},"transactions":[{"amount":{"total":"128.00","currency":"GBP","details":{"subtotal":"125.00","shipping":"3.00"}},"description":"Payment description","item_list":{"items":[{"name":"14\" Fruit cake, filled with Chocolate, decorated with Chocolate","price":"125.00","currency":"GBP","quantity":"1"}]}}],"links":[{"href":"https://api.sandbox.paypal.com/v1/payments/payment/PAY-84443110AC245253HKKTSAWA","rel":"self","method":"GET"},{"href":"https://www.sandbox.paypal.com/cgi-bin/webscr?cmd=_express-checkout&token=EC-6HA307449V032070W","rel":"approval_url","method":"REDIRECT"},{"href":"https://api.sandbox.paypal.com/v1/payments/payment/PAY-84443110AC245253HKKTSAWA/execute","rel":"execute","method":"POST"}]}
